Goal: "300,000,000,000"
Loading producer: Feral Fiona
Loading producer: Jingles
Loading producer: Ox
Loading producer: Batilda
Loading producer: Murky Mandy
Loading producer: Patches
Loading boost: Sapphire Boost
Loading boost: Emerald Boost
Loading boost: Ruby Boost
Loading boost: Speed Boost
Loading boost: Damage Boost
Game g/other_tower.csv: Other Tower event
Boost = 0
T=296.625854 improved random: initial -503.2127073073925 final: -8.0571 to spare
New best score! -8.0571 hours left
T=385.624084 improved random: initial -27284.975601243226 final: -64.4098 to spare
T=407.474579 improved random: initial -9627.498886932039 final: 0.3053 to spare
New best score! 0.3053 hours left
T=579.267517 improved random: initial -70701.20500292367 final: 3.4856 to spare
New best score! 3.4856 hours left
T=580.417236 improved random: initial -2673.1592631183553 final: 0.5363 to spare
T=692.066528 improved random: initial -19920.00005558256 final: -13.4652 to spare
T=809.556030 improved random: initial -80245.51537514698 final: 2.7142 to spare
T=864.520264 improved random: initial -7414.018291416872 final: -0.4189 to spare
T=920.565063 improved random: initial -8638.980226521948 final: 3.2182 to spare
T=936.541870 improved random: initial -40932.31497630929 final: 0.2574 to spare
T=1066.729614 improved random: initial -509.2858141141414 final: 3.1407 to spare
T=1113.629028 improved random: initial -162.00697251825738 final: 3.0985 to spare
T=1316.939575 improved random: initial -15709.607516746473 final: -49.2082 to spare
T=1385.329224 improved random: initial -5634.052606573027 final: 2.6758 to spare
T=1419.453735 improved random: initial -24478.483761323652 final: -7.1950 to spare
T=1424.486084 improved random: initial -6520.276529749738 final: 2.9236 to spare
T=1754.385132 improved random: initial -252217.27390048048 final: -49.6591 to spare
T=1770.947144 improved random: initial -8520.333595141974 final: 0.1785 to spare
T=1861.512207 improved random: initial -22977.525591045924 final: -50.3787 to spare
T=2072.874268 improved random: initial -864187.772242387 final: -8.1410 to spare
T=2115.671875 improved random: initial -324068.2930000257 final: 3.2856 to spare
T=2179.111084 improved random: initial -6584.869591245283 final: 3.1327 to spare
T=2395.552979 improved random: initial -16606.83737653958 final: -30.8548 to spare
T=2577.456543 improved random: initial -10422.221814896915 final: 0.6320 to spare
T=2714.691162 improved random: initial -8494.416473538646 final: 3.5023 to spare
New best score! 3.5023 hours left
T=2714.995605 improved random: initial -864190.5118339505 final: -7.0654 to spare
T=2911.999268 improved random: initial -84960.85495178027 final: -11.8425 to spare
T=2983.337402 improved random: initial -23419.655192543687 final: 0.6285 to spare
T=3100.587402 improved random: initial -42481.05479082166 final: -7.0380 to spare
T=3195.330078 improved random: initial -5150.0738591571235 final: 3.2872 to spare
T=3400.827148 improved random: initial -6237.510605614949 final: 2.9882 to spare
T=3458.544678 improved random: initial -19692.08473037614 final: 3.1920 to spare
T=3588.301514 improved random: initial -8230.836967890626 final: -64.7861 to spare
T=3588.512451 improved random: initial -11803.288448831583 final: 3.3030 to spare
T=3810.143066 improved random: initial -2377.5232757955405 final: 2.6624 to spare
T=3817.028320 improved random: initial -20329.398359667553 final: 3.8144 to spare
New best score! 3.8144 hours left
T=3911.521729 improved random: initial -252220.29485753752 final: -6.4315 to spare
T=4172.998047 improved random: initial -16348.826864034882 final: 0.1061 to spare
T=4295.408203 improved random: initial -14896.908161879554 final: 0.6128 to spare
T=4323.854980 improved random: initial -38885.11697096913 final: -39.5368 to spare
T=4340.420898 improved random: initial -252225.44765543545 final: -38.3621 to spare
T=4495.110840 improved random: initial -315253.8873519519 final: 0.2366 to spare
T=4533.875000 improved random: initial -27080.909216963795 final: -7.1795 to spare
T=4551.955078 improved random: initial -19269.168532961972 final: -28.7049 to spare
T=4659.857422 improved random: initial -30404.845148002787 final: -8.0024 to spare
T=4806.196289 improved random: initial -76018.60911042514 final: -39.2772 to spare
T=4835.465820 improved random: initial -2295.3778819029267 final: -39.3968 to spare
T=4852.196289 improved random: initial -5034.53296047699 final: 3.2977 to spare
T=4951.448730 improved random: initial -6662.6014949986575 final: -7.7451 to spare
T=4995.302734 improved random: initial -8597.65787316311 final: 2.8697 to spare
T=5489.880371 improved random: initial -25164.272851548205 final: 3.0997 to spare
T=5562.695312 improved random: initial -7025.4130181504925 final: 3.2117 to spare
T=5581.229004 improved random: initial -17945.874248893164 final: -0.5541 to spare
T=5655.334473 improved random: initial -1254.6944163512057 final: 0.0822 to spare
T=5833.637695 improved random: initial -1661.1158840330893 final: 3.4889 to spare
T=5870.203125 improved random: initial -4384.08059870469 final: 1.7435 to spare
T=6040.929688 improved random: initial -52195.851285396464 final: -64.1348 to spare
T=6138.317871 improved random: initial -337770.8869339339 final: 3.2621 to spare
T=6274.465332 improved random: initial -252220.5560736937 final: 0.2520 to spare
T=6300.646484 improved random: initial -32404.48485119599 final: 2.8992 to spare
T=6414.669434 improved random: initial -315254.507040941 final: 2.9342 to spare
T=6450.001465 improved random: initial -19252.42703737002 final: -30.7633 to spare
T=6462.389648 improved random: initial -228060.39710699252 final: -6.3686 to spare
T=6722.848145 improved random: initial -12034.541181730307 final: 3.8671 to spare
New best score! 3.8671 hours left
T=6781.691895 improved random: initial -45134.01052900793 final: 3.5297 to spare
T=6814.003906 improved random: initial -4852.822977154636 final: 2.9378 to spare
T=7002.894043 improved random: initial -9352.178569990057 final: 3.0838 to spare
T=7021.150879 improved random: initial -2215.922960640456 final: 3.2943 to spare
T=7194.295898 improved random: initial -79506.02200497889 final: -50.2496 to spare
T=7215.404785 improved random: initial -13125.042052143179 final: 3.7088 to spare
T=7260.736328 improved random: initial -18014.70946809095 final: 0.5795 to spare
T=7365.880859 improved random: initial -7222.946256510187 final: 3.0962 to spare
T=7505.571289 improved random: initial -19966.559668125716 final: 3.3706 to spare
T=7518.963867 improved random: initial -252226.56121099097 final: -30.9184 to spare
T=7590.064941 improved random: initial -252197.177443003 final: 1.2201 to spare
T=7779.328613 improved random: initial -10696.635447581619 final: -11.6003 to spare
T=7852.244629 improved random: initial -23418.24313533133 final: -39.1287 to spare
T=7926.618652 improved random: initial -4163.939601190831 final: 3.4468 to spare
T=8170.588867 improved random: initial -10256.523138339366 final: 2.6337 to spare
T=8172.268555 improved random: initial -31511.186060547767 final: -7.4357 to spare
T=8177.304199 improved random: initial -3467.5984078809483 final: 3.6429 to spare
T=8193.240234 improved random: initial -228754.14082064267 final: 3.5516 to spare
T=8229.951172 improved random: initial -11851.828789125535 final: 3.0115 to spare
T=8548.333008 improved random: initial -11286.076796940477 final: 2.7096 to spare
T=8764.272461 improved random: initial -45609.66458664912 final: -30.6567 to spare
T=8764.529297 improved random: initial -47421.18614685336 final: 3.3249 to spare
T=8779.333984 improved random: initial -2135.4713174618414 final: 3.5081 to spare
T=8986.316406 improved random: initial -68223.75653848278 final: 3.1235 to spare
T=9079.481445 improved random: initial -81143.68306628965 final: -64.1044 to spare
T=9135.560547 improved random: initial -8593.117666363694 final: 3.3081 to spare
T=9181.934570 improved random: initial -26662.476581310053 final: -50.5856 to spare
T=9187.665039 improved random: initial -122400.4299540161 final: 3.0150 to spare
T=9471.439453 improved random: initial -60180.01065792769 final: 3.1606 to spare
T=9523.947266 improved random: initial -1983.6010435241108 final: -0.4693 to spare
T=9808.485352 improved random: initial -16223.419807513823 final: 3.1050 to spare
T=9865.670898 improved random: initial -3506.7854043894527 final: 0.5273 to spare
T=9872.762695 improved random: initial -173331.4729132688 final: 2.4850 to spare
T=9962.284180 improved random: initial -40931.91936395061 final: -49.6760 to spare
T=9985.370117 improved random: initial -234217.24379038176 final: 3.0899 to spare
T=10081.074219 improved random: initial -8606.901345044602 final: 3.5643 to spare
T=10098.793945 improved random: initial -12667.435231057736 final: -28.7247 to spare
T=10255.270508 improved random: initial -39390.71055838673 final: -7.4578 to spare
T=10394.916016 improved random: initial -36109.239992105824 final: -7.1865 to spare
T=10662.156250 improved random: initial -48140.888965618164 final: 2.9440 to spare
T=10662.442383 improved random: initial -4008.303764737262 final: 0.4977 to spare
T=10965.330078 improved random: initial -16064.839627249767 final: -7.4251 to spare
T=11134.818359 improved random: initial -12397.028168421857 final: -0.1276 to spare
T=11158.581055 improved random: initial -125599.12138719579 final: -11.6831 to spare
T=11188.952148 improved random: initial -154724.6260417007 final: 3.1729 to spare
T=11212.948242 improved random: initial -228056.53063101086 final: -12.5943 to spare
T=11448.409180 improved random: initial -8106.573613472127 final: 2.8885 to spare
T=11480.662109 improved random: initial -8561.391074406087 final: -50.8606 to spare
T=11749.052734 improved random: initial -2222.751146936948 final: 0.2232 to spare
T=11778.313477 improved random: initial -1726.9461541732737 final: 0.2887 to spare
T=12066.639648 improved random: initial -515862.2995747166 final: 2.7438 to spare
T=12076.585938 improved random: initial -5931.875996209393 final: -73.7251 to spare
T=12280.491211 improved random: initial -9868.640355847981 final: 3.4430 to spare
T=12318.690430 improved random: initial -10535.699913956281 final: -7.0641 to spare
T=12377.103516 improved random: initial -21876.928452283817 final: 3.5533 to spare
T=12503.422852 improved random: initial -20855.949120835845 final: -1.0056 to spare
T=12651.415039 improved random: initial -3662.459833820497 final: -6.1750 to spare
T=12656.037109 improved random: initial -234220.8578351523 final: -11.8081 to spare
T=12709.720703 improved random: initial -315259.827906006 final: -13.1656 to spare
T=12756.309570 improved random: initial -14935.862621437811 final: -0.4925 to spare
T=12770.604492 improved random: initial -4151.912300755899 final: 3.1365 to spare
T=12965.269531 improved random: initial -52841.60267219706 final: -7.0809 to spare
T=13207.030273 improved random: initial -4117.219148170925 final: 3.8299 to spare
T=13234.604492 improved random: initial -7688.566543475253 final: -71.5524 to spare
T=13274.345703 improved random: initial -7804.8848680077235 final: 3.6089 to spare
T=13323.360352 improved random: initial -4977.345384300797 final: 3.5883 to spare
T=13547.177734 improved random: initial -12341.168000316331 final: -54.2136 to spare
T=13577.069336 improved random: initial -18050.24254712434 final: -0.6042 to spare
T=13644.817383 improved random: initial -105102.67840802469 final: -29.0415 to spare
T=14058.310547 improved random: initial -2923.4957542408656 final: 3.3084 to spare
T=14349.733398 improved random: initial -165479.67040971896 final: 2.0930 to spare
T=14352.343750 improved random: initial -252216.912625005 final: -50.3988 to spare
T=14412.242188 improved random: initial -6150.894405314307 final: -64.0952 to spare
T=14508.522461 improved random: initial -28042.3886756535 final: 3.7946 to spare
T=14512.344727 improved random: initial -2457.8641913584056 final: -13.3633 to spare
T=14724.700195 improved random: initial -515863.40134899225 final: 3.1620 to spare
T=14808.479492 improved random: initial -7877.061412167792 final: -12.6016 to spare
T=14961.467773 improved random: initial -116384.61484482637 final: -7.1948 to spare
T=15126.137695 improved random: initial -228754.47553447707 final: -31.0121 to spare
T=15227.553711 improved random: initial -7542.146619153369 final: 2.9738 to spare
T=15279.009766 improved random: initial -1122.635501045262 final: -7.2680 to spare
T=15327.832031 improved random: initial -4327.006634374096 final: -0.5048 to spare
T=15331.432617 improved random: initial -12396.956800788883 final: -50.5226 to spare
T=15501.642578 improved random: initial -3863.0126591163075 final: -0.1185 to spare
T=15552.444336 improved random: initial -112843.22248644731 final: 3.2077 to spare
T=15848.303711 improved random: initial -1127.8702628199853 final: 2.5557 to spare
T=15922.071289 improved random: initial -323.57585831447824 final: -0.0695 to spare
T=16118.633789 improved random: initial -73169.3696368592 final: 1.5915 to spare
T=16191.313477 improved random: initial -252211.76147275275 final: -55.4510 to spare
T=16197.118164 improved random: initial -87386.40102960882 final: -9.0200 to spare
T=16387.416016 improved random: initial -252208.39807375372 final: -7.8030 to spare
T=16390.742188 improved random: initial -252207.24929591588 final: 3.3752 to spare
T=16744.990234 improved random: initial -315254.3325420421 final: -1.1841 to spare
T=16832.986328 improved random: initial -11708.787117110254 final: 2.6481 to spare
T=16909.710938 improved random: initial -64812.13313843107 final: 3.1644 to spare
T=16952.871094 improved random: initial -19687.998825732142 final: 2.9368 to spare
T=17099.275391 improved random: initial -8493.905453164645 final: 0.2554 to spare
T=17224.457031 improved random: initial -13126.826350419435 final: -64.5757 to spare
T=17244.765625 improved random: initial -7426.729385161906 final: 3.5240 to spare
T=17259.455078 improved random: initial -62347.68740016673 final: 2.4664 to spare
T=17266.679688 improved random: initial -252211.31111099094 final: -7.2836 to spare
T=17574.435547 improved random: initial -28280.550537393938 final: -9.4244 to spare
T=17677.460938 improved random: initial -10438.122647037037 final: -13.1473 to spare
T=17735.556641 improved random: initial -2447.625030503462 final: 3.5746 to spare
T=17792.851562 improved random: initial -24899.794756798026 final: -13.1992 to spare
T=17910.060547 improved random: initial -13913.856566116567 final: -11.8776 to spare
T=18058.324219 improved random: initial -14939.71382080396 final: -1.7912 to spare
T=18065.394531 improved random: initial -243052.3143390046 final: -13.2589 to spare
T=18164.847656 improved random: initial -252197.30040806803 final: 0.4443 to spare
T=18260.058594 improved random: initial -724.2188119684835 final: 3.0984 to spare
T=18326.798828 improved random: initial -3868.8613668434036 final: 3.3733 to spare
T=18483.408203 improved random: initial -8912.446310777877 final: 0.6420 to spare
T=18485.191406 improved random: initial -245563.5583143469 final: 2.3869 to spare
T=18525.115234 improved random: initial -6142.513771014683 final: -39.3364 to spare
T=18568.945312 improved random: initial -18738.841459062918 final: 2.6994 to spare
T=18781.490234 improved random: initial -175.9328244589401 final: 3.1697 to spare
T=18860.595703 improved random: initial -520.3304050162064 final: 0.0992 to spare
T=18863.429688 improved random: initial -8120.051333370138 final: -7.6722 to spare
T=18899.419922 improved random: initial -24410.099693265816 final: -7.3371 to spare
T=19138.044922 improved random: initial -1328.8949948580455 final: 3.2763 to spare
T=19199.308594 improved random: initial -2939.7674610237445 final: -0.1465 to spare
T=19312.126953 improved random: initial -5368.710902778236 final: 3.4067 to spare
T=19320.048828 improved random: initial -180541.72168797618 final: -38.3889 to spare
T=19598.548828 improved random: initial -3981.0178007968 final: -0.1427 to spare
T=19763.447266 improved random: initial -216658.49233033336 final: -50.8670 to spare
T=19811.333984 improved random: initial -23596.557573845857 final: 3.3084 to spare
T=19834.146484 improved random: initial -22503.303065267915 final: -62.4478 to spare
T=19834.736328 improved random: initial -1094.0415802992636 final: 3.4003 to spare
T=19874.605469 improved random: initial -7258.571230462091 final: -7.3843 to spare
T=20008.214844 improved random: initial -6841.170226556858 final: 0.3134 to spare
T=20147.375000 improved random: initial -32095.097491131295 final: 0.1984 to spare
T=20164.166016 improved random: initial -14922.703779077778 final: -7.3404 to spare
T=20304.554688 improved random: initial -1981.2770683255367 final: 3.0758 to spare
T=20331.648438 improved random: initial -7934.328637189226 final: 3.5820 to spare
T=20384.513672 improved random: initial -173323.70565480637 final: -7.2896 to spare
T=20389.300781 improved random: initial -3901.9324913399546 final: 2.7403 to spare
T=20454.906250 improved random: initial -68770.54097576131 final: 3.2054 to spare
T=20571.248047 improved random: initial -40931.90474184535 final: 3.2708 to spare
T=20610.458984 improved random: initial -97219.63070192901 final: 2.4629 to spare
T=20635.609375 improved random: initial -6044.662231710812 final: -12.8031 to spare
T=20679.916016 improved random: initial -300916.6112438639 final: 2.9685 to spare
T=20754.832031 improved random: initial -31625.66088196656 final: -64.3826 to spare
T=20786.666016 improved random: initial -23368.60227347192 final: -0.3693 to spare
T=21077.238281 improved random: initial -84962.26528912387 final: 3.1691 to spare
T=21214.179688 improved random: initial -105101.0666492242 final: -7.7559 to spare
T=21374.359375 improved random: initial -13267.238473032116 final: -10.0503 to spare
T=21501.046875 improved random: initial -8021.919317217421 final: -50.3558 to spare
T=21519.091797 improved random: initial -6350.380275162415 final: 0.6939 to spare
T=21625.666016 improved random: initial -12119.538525880636 final: 3.6116 to spare
T=21902.148438 improved random: initial -11488.027880549169 final: 3.1462 to spare
T=22026.886719 improved random: initial -228754.8194900871 final: -54.3759 to spare
T=22096.912109 improved random: initial -270209.27832852857 final: 3.0158 to spare
T=22180.591797 improved random: initial -23565.994870246912 final: -7.2156 to spare
T=22488.775391 improved random: initial -315262.61138198193 final: -7.2528 to spare
T=22508.208984 improved random: initial -234227.22240194769 final: -64.0585 to spare
T=22647.871094 improved random: initial -252208.25242420417 final: -7.1543 to spare
T=22691.849609 improved random: initial -16597.365852357332 final: -50.1015 to spare
T=22716.841797 improved random: initial -3912.2115883122574 final: -1.9755 to spare
T=22822.638672 improved random: initial -123451.60305784832 final: -64.3292 to spare
T=23077.400391 improved random: initial -7932.684236748938 final: 2.8149 to spare
T=23102.191406 improved random: initial -36108.31986515807 final: -55.9368 to spare
T=23238.365234 improved random: initial -3185.2525231085456 final: 2.7680 to spare
T=23302.263672 improved random: initial -20880.00857091184 final: -20.5793 to spare
T=23371.478516 improved random: initial -14451.329824389892 final: -0.8752 to spare
T=23554.630859 improved random: initial -8671.55137092799 final: 3.1667 to spare
T=23617.845703 improved random: initial -638.8273412782389 final: 3.1249 to spare
T=23704.955078 improved random: initial -19836.449074184544 final: -12.7158 to spare
T=23873.830078 improved random: initial -154753.68997558957 final: 3.0495 to spare
T=23910.253906 improved random: initial -51849.44063064197 final: 3.0239 to spare
T=23967.363281 improved random: initial -20654.609867386633 final: -55.4620 to spare
T=24106.107422 improved random: initial -9406.681092887507 final: 3.5295 to spare
T=24220.683594 improved random: initial -15750.225208207503 final: -6.3074 to spare
T=24263.109375 improved random: initial -190053.38764821313 final: -0.8728 to spare
T=24342.351562 improved random: initial -7933.037662651269 final: -49.1047 to spare
T=24492.150391 improved random: initial -123453.6135723496 final: -38.7347 to spare
T=24709.539062 improved random: initial -27770.9987442306 final: 0.2391 to spare
T=24784.449219 improved random: initial -105102.46033909744 final: 3.9083 to spare
New best score! 3.9083 hours left
T=24934.171875 improved random: initial -29880.99839431728 final: 3.0459 to spare
T=24991.164062 improved random: initial -530.3614524223096 final: -50.3080 to spare
T=25083.666016 improved random: initial -21906.1613966145 final: 0.0383 to spare
T=25229.757812 improved random: initial -39883.319436359605 final: 0.3385 to spare
T=25442.171875 improved random: initial -19898.037030304324 final: -48.8077 to spare
T=25524.814453 improved random: initial -4392.8501748467825 final: -12.8181 to spare
T=25754.927734 improved random: initial -97219.52576459105 final: 3.1192 to spare
T=25760.281250 improved random: initial -6387.015241628038 final: 3.0844 to spare
T=25838.771484 improved random: initial -252222.45909387383 final: -63.9998 to spare
T=25863.125000 improved random: initial -10439.446461807038 final: -6.6004 to spare
T=26157.267578 improved random: initial -10617.797414714896 final: 3.4149 to spare
T=26183.947266 improved random: initial -62719.86247636399 final: -33.8212 to spare
T=26332.218750 improved random: initial -86418.10628384774 final: 3.0176 to spare
T=26439.550781 improved random: initial -14624.25793778242 final: -1.3121 to spare
T=26445.259766 improved random: initial -3523.917383556642 final: -1.6426 to spare
T=26537.302734 improved random: initial -18927.36234385672 final: 3.6026 to spare
T=26549.654297 improved random: initial -14469.463761362405 final: -12.5178 to spare
T=26571.132812 improved random: initial -38176.83256338998 final: -6.2914 to spare
T=26637.572266 improved random: initial -36258.945010011295 final: -11.8060 to spare
T=27018.119141 improved random: initial -64811.9929397428 final: 2.8594 to spare
T=27085.521484 improved random: initial -11645.47910624424 final: 3.6168 to spare
T=27095.021484 improved random: initial -22287.13659764164 final: 3.3187 to spare
T=27163.335938 improved random: initial -68224.06855713125 final: 2.8940 to spare
T=27364.990234 improved random: initial -24756.637304255935 final: 3.2372 to spare
T=27463.376953 improved random: initial -43448.24487822953 final: -30.8445 to spare
T=27514.568359 improved random: initial -12034.13067133069 final: 3.3437 to spare
T=27567.181641 improved random: initial -270230.86225855857 final: -50.4495 to spare
T=27719.005859 improved random: initial -1701.6581288477453 final: -13.2252 to spare
T=27775.695312 improved random: initial -21323.62610075726 final: 3.5071 to spare
T=27799.865234 improved random: initial -452.57750749455494 final: 3.0938 to spare
T=27822.218750 improved random: initial -24243.90178871429 final: 3.0632 to spare
T=28063.367188 improved random: initial -6773.4415286342155 final: -7.2486 to spare
T=28068.675781 improved random: initial -2126.5008542421365 final: -0.0714 to spare
T=28078.119141 improved random: initial -324069.93465751025 final: -39.2898 to spare
T=28202.441406 improved random: initial -347218.2950111883 final: 0.2368 to spare
T=28229.724609 improved random: initial -364.0530251478212 final: 0.3212 to spare
T=28422.175781 improved random: initial -17503.593784995777 final: -1.0207 to spare
T=28507.548828 improved random: initial -12622.484667316052 final: -0.5989 to spare
T=28509.890625 improved random: initial -2454.6512372848874 final: 3.3849 to spare
T=28533.367188 improved random: initial -4429.981256533448 final: -7.5890 to spare
T=28646.640625 improved random: initial -2400.571753905467 final: 0.0869 to spare
T=28708.205078 improved random: initial -24899.68471123837 final: -7.3368 to spare
T=28944.320312 improved random: initial -158719.71927770218 final: -13.6344 to spare
T=29142.210938 improved random: initial -9713.165298472948 final: -9.9375 to spare
T=29194.591797 improved random: initial -1133.6555716438795 final: 2.7088 to spare
T=29324.759766 improved random: initial -38886.18714331481 final: -49.4288 to spare
T=29588.623047 improved random: initial -6102.667151251448 final: 3.1975 to spare
T=29673.373047 improved random: initial -7812.442252354993 final: 2.5920 to spare
T=29690.476562 improved random: initial -47422.57701879705 final: -70.9825 to spare
T=29919.123047 improved random: initial -81140.1528684967 final: 2.9499 to spare
T=29985.900391 improved random: initial -270821.0923385301 final: 3.3559 to spare
T=30044.152344 improved random: initial -7380.393338431357 final: 3.6868 to spare
T=30143.744141 improved random: initial -7686.509678943346 final: 3.1290 to spare
T=30294.873047 improved random: initial -212412.8985445222 final: -6.4241 to spare
T=30303.759766 improved random: initial -21449.540020345754 final: -6.8206 to spare
T=30408.187500 improved random: initial -17577.71409895898 final: 3.2115 to spare
T=30520.531250 improved random: initial -16291.980140928365 final: -12.5858 to spare
T=30671.250000 improved random: initial -7259.416967334294 final: 3.2685 to spare
T=30679.599609 improved random: initial -9582.759412375144 final: 3.3710 to spare
T=30824.931641 improved random: initial -8663.422992261483 final: -48.9527 to spare
T=30944.751953 improved random: initial -121525.76019105902 final: -7.7788 to spare
T=30973.777344 improved random: initial -315263.72877687693 final: -11.7550 to spare
T=30975.148438 improved random: initial -21236.960577748214 final: -29.2830 to spare
T=31069.158203 improved random: initial -7199.3948863346095 final: 2.9519 to spare
T=31167.759766 improved random: initial -51846.04531644445 final: 0.1434 to spare
T=31177.662109 improved random: initial -12029.400767587375 final: 3.5273 to spare
T=31457.564453 improved random: initial -2845.2839761026894 final: 2.6135 to spare
T=31522.947266 improved random: initial -18998.971859841484 final: -12.4920 to spare
T=31605.669922 improved random: initial -37034.717675969565 final: -0.7582 to spare
T=31787.056641 improved random: initial -35396.59241334985 final: 2.8482 to spare
T=31867.791016 improved random: initial -252202.89687269268 final: 3.2061 to spare
T=31965.419922 improved random: initial -1166.0785617097506 final: -13.1620 to spare
T=31978.378906 improved random: initial -17306.161172377782 final: -49.0001 to spare
T=31982.216797 improved random: initial -36107.05710115014 final: -7.1050 to spare
T=32129.048828 improved random: initial -121508.83435541087 final: -39.3158 to spare
T=32155.556641 improved random: initial -6001.785916572748 final: 0.0669 to spare
T=32189.841797 improved random: initial -216621.95584368787 final: 0.1023 to spare
T=32237.800781 improved random: initial -62719.75142136599 final: -50.0612 to spare
T=32271.998047 improved random: initial -112547.50942272523 final: -7.1770 to spare
T=32297.613281 improved random: initial -19439.024617791663 final: -65.2264 to spare
T=32673.152344 improved random: initial -6590.673605967964 final: -7.1172 to spare
T=32728.654297 improved random: initial -315254.17347687687 final: 3.3874 to spare
T=32766.658203 improved random: initial -13524.795918885917 final: -39.4954 to spare
T=32875.921875 improved random: initial -5903.344437978103 final: 3.4880 to spare
T=32936.941406 improved random: initial -105102.01966294627 final: 3.0383 to spare
T=33042.273438 improved random: initial -6494.0446958624725 final: -30.9213 to spare
T=33079.125000 improved random: initial -57608.72028306355 final: 2.4922 to spare
T=33103.503906 improved random: initial -157574.15189034538 final: 2.9170 to spare
T=33246.984375 improved random: initial -25945.808959231068 final: -7.8944 to spare
T=33523.886719 improved random: initial -1073.8808630665835 final: 3.0614 to spare
T=33635.769531 improved random: initial -26665.047451069106 final: -8.0524 to spare
T=33688.609375 improved random: initial -24069.605349544683 final: -30.8655 to spare
T=33727.703125 improved random: initial -25168.77479781054 final: 0.5610 to spare
T=33889.285156 improved random: initial -3125.6116816240183 final: -7.3857 to spare
T=34015.203125 improved random: initial -1585.0287771265655 final: -65.3158 to spare
T=34152.687500 improved random: initial -234199.94301194334 final: -7.2086 to spare
T=34424.101562 improved random: initial -157573.22225203368 final: 2.9455 to spare
T=34467.355469 improved random: initial -26816.82442566624 final: 3.1431 to spare
T=34482.945312 improved random: initial -24410.431300749384 final: -0.7396 to spare
T=34632.871094 improved random: initial -18760.197124022932 final: -50.3947 to spare
T=34639.582031 improved random: initial -23420.32300426384 final: -11.7851 to spare
T=34679.152344 improved random: initial -96017.08553656454 final: 3.2928 to spare
T=34895.996094 improved random: initial -19470.499452835003 final: -7.2685 to spare
T=34910.710938 improved random: initial -78784.14928696826 final: -30.6549 to spare
T=34918.632812 improved random: initial -7501.506895499952 final: 3.2586 to spare
T=34941.335938 improved random: initial -121523.10347073688 final: -0.1488 to spare
T=34986.820312 improved random: initial -2703.105538672801 final: 0.2975 to spare
T=35164.929688 improved random: initial -70704.64447525813 final: 3.4682 to spare
T=35370.175781 improved random: initial -19003.25077093219 final: -11.8640 to spare
T=35428.972656 improved random: initial -21937.557367648787 final: -39.1539 to spare
T=35611.132812 improved random: initial -10631.488727989872 final: -11.9398 to spare
T=35759.273438 improved random: initial -252208.25242420417 final: -7.2202 to spare
T=35973.539062 improved random: initial -7499.598011157534 final: 3.5393 to spare
T=36035.093750 improved random: initial -6600.010865545478 final: 0.4106 to spare
T=36168.152344 improved random: initial -105098.96382031197 final: -39.0244 to spare
T=36198.761719 improved random: initial -22508.4675559262 final: -7.5152 to spare
T=36378.535156 improved random: initial -105100.44156914414 final: -49.0617 to spare
T=36448.250000 improved random: initial -19689.82809181987 final: 3.1539 to spare
T=36465.894531 improved random: initial -234223.50520482197 final: -11.3431 to spare
T=36574.796875 improved random: initial -27078.932476175098 final: -43.8415 to spare
T=36622.222656 improved random: initial -106991.74072810961 final: 3.2808 to spare
T=36658.906250 improved random: initial -252198.129332012 final: -7.2152 to spare
T=36778.031250 improved random: initial -823.9393910521192 final: 2.0641 to spare
T=36989.503906 improved random: initial -324063.57877973246 final: 3.0314 to spare
T=37093.394531 improved random: initial -21718.098174403207 final: -30.4784 to spare
T=37194.464844 improved random: initial -2183.613864570467 final: -11.6787 to spare
T=37298.863281 improved random: initial -19784.062888893965 final: -7.1423 to spare
T=37565.148438 improved random: initial -45609.696163322755 final: -39.6927 to spare
T=37689.632812 improved random: initial -19180.838583095367 final: -0.1366 to spare
T=37742.453125 improved random: initial -138875.98139018958 final: 0.1237 to spare
